=========================================
Stock Screener Startup
=========================================

Checking prerequisites...
[0;32m✓ All prerequisites installed[0m
[0;32m✓ PostgreSQL is running on localhost:5432[0m

Checking port availability...
PostgreSQL is running on localhost:5432
[0;32m✓ All required ports are available[0m

Checking database...
[0;32m✓ Database is ready[0m

Setting up backend...
Activating virtual environment...
Installing backend dependencies...

Starting backend API server...
Waiting for backend to be ready...
..
[0;32m✓ Backend API started successfully (PID: 1501107)[0m

Setting up frontend...
Frontend dependencies already installed

Starting frontend development server...
Waiting for frontend to be ready...
.
[0;32m✓ Frontend dev server started successfully (PID: 1501197)[0m

=========================================
[0;32mStock Screener Started Successfully![0m
=========================================

Services running:
  • PostgreSQL: localhost:5432 (running on host)
  • Backend API: http://localhost:8000
  • Frontend:    http://localhost:5173

API Documentation: http://localhost:8000/docs

Logs:
  • Backend:  /home/ahmed/TheUltimate/backend.log
  • Frontend: /home/ahmed/TheUltimate/frontend.log

To stop all services, run: ./stop-screener.sh

